# Logfile created on 2014-01-03 17:22:18 +0100 by logger.rb/v1.2.7
I, [2014-01-03T17:22:18.759000 #46141]  INFO -- : 0:  rake (10.1.0) from /Users/elhu/.rbenv/versions/jruby-1.7.3/lib/ruby/gems/shared/specifications/rake-10.1.0.gemspec
I, [2014-01-03T17:22:18.773000 #46141]  INFO -- : 0:  i18n (0.6.1) from /Users/elhu/.rbenv/versions/jruby-1.7.3/lib/ruby/gems/shared/specifications/i18n-0.6.1.gemspec
I, [2014-01-03T17:22:18.780000 #46141]  INFO -- : 0:  multi_json (1.8.2) from /Users/elhu/.rbenv/versions/jruby-1.7.3/lib/ruby/gems/shared/specifications/multi_json-1.8.2.gemspec
I, [2014-01-03T17:22:18.793000 #46141]  INFO -- : 0:  activesupport (3.2.13) from /Users/elhu/.rbenv/versions/jruby-1.7.3/lib/ruby/gems/shared/specifications/activesupport-3.2.13.gemspec
I, [2014-01-03T17:22:18.805000 #46141]  INFO -- : 0:  addressable (2.3.5) from /Users/elhu/.rbenv/versions/jruby-1.7.3/lib/ruby/gems/shared/specifications/addressable-2.3.5.gemspec
I, [2014-01-03T17:22:18.814000 #46141]  INFO -- : 0:  bio (1.4.3.0001) from /Users/elhu/.rbenv/versions/jruby-1.7.3/lib/ruby/gems/shared/specifications/bio-1.4.3.0001.gemspec
I, [2014-01-03T17:22:18.823000 #46141]  INFO -- : 0:  builder (3.2.2) from /Users/elhu/.rbenv/versions/jruby-1.7.3/lib/ruby/gems/shared/specifications/builder-3.2.2.gemspec
I, [2014-01-03T17:22:18.830000 #46141]  INFO -- : 0:  color (1.4.2) from /Users/elhu/.rbenv/versions/jruby-1.7.3/lib/ruby/gems/shared/specifications/color-1.4.2.gemspec
I, [2014-01-03T17:22:21.588000 #46141]  INFO -- : 0:  diff-lcs (1.2.4) from /Users/elhu/.rbenv/versions/jruby-1.7.3/lib/ruby/gems/shared/specifications/diff-lcs-1.2.4.gemspec
I, [2014-01-03T17:22:28.981000 #46141]  INFO -- : 0:  gherkin (2.12.1) from /Users/elhu/.rbenv/versions/jruby-1.7.3/lib/ruby/gems/shared/specifications/gherkin-2.12.1-java.gemspec
I, [2014-01-03T17:22:30.294000 #46141]  INFO -- : 0:  multi_test (0.0.2) from /Users/elhu/.rbenv/versions/jruby-1.7.3/lib/ruby/gems/shared/specifications/multi_test-0.0.2.gemspec
I, [2014-01-03T17:22:33.641000 #46141]  INFO -- : 0:  cucumber (1.3.8) from /Users/elhu/.rbenv/versions/jruby-1.7.3/lib/ruby/gems/shared/specifications/cucumber-1.3.8.gemspec
I, [2014-01-03T17:22:33.654000 #46141]  INFO -- : 0:  multipart-post (1.2.0) from /Users/elhu/.rbenv/versions/jruby-1.7.3/lib/ruby/gems/shared/specifications/multipart-post-1.2.0.gemspec
I, [2014-01-03T17:22:33.662000 #46141]  INFO -- : 0:  faraday (0.8.8) from /Users/elhu/.rbenv/versions/jruby-1.7.3/lib/ruby/gems/shared/specifications/faraday-0.8.8.gemspec
I, [2014-01-03T17:22:33.673000 #46141]  INFO -- : 0:  fastercsv (1.5.5) from /Users/elhu/.rbenv/versions/jruby-1.7.3/lib/ruby/gems/shared/specifications/fastercsv-1.5.5.gemspec
I, [2014-01-03T17:22:33.682000 #46141]  INFO -- : 0:  git (1.2.6) from /Users/elhu/.rbenv/versions/jruby-1.7.3/lib/ruby/gems/shared/specifications/git-1.2.6.gemspec
I, [2014-01-03T17:22:33.691000 #46141]  INFO -- : 0:  hashie (2.0.5) from /Users/elhu/.rbenv/versions/jruby-1.7.3/lib/ruby/gems/shared/specifications/hashie-2.0.5.gemspec
I, [2014-01-03T17:22:33.700000 #46141]  INFO -- : 0:  nokogiri (1.5.10) from /Users/elhu/.rbenv/versions/jruby-1.7.3/lib/ruby/gems/shared/specifications/nokogiri-1.5.10-java.gemspec
I, [2014-01-03T17:22:33.708000 #46141]  INFO -- : 0:  httpauth (0.2.0) from /Users/elhu/.rbenv/versions/jruby-1.7.3/lib/ruby/gems/shared/specifications/httpauth-0.2.0.gemspec
I, [2014-01-03T17:22:33.717000 #46141]  INFO -- : 0:  jwt (0.1.8) from /Users/elhu/.rbenv/versions/jruby-1.7.3/lib/ruby/gems/shared/specifications/jwt-0.1.8.gemspec
I, [2014-01-03T17:22:33.724000 #46141]  INFO -- : 0:  multi_xml (0.5.5) from /Users/elhu/.rbenv/versions/jruby-1.7.3/lib/ruby/gems/shared/specifications/multi_xml-0.5.5.gemspec
I, [2014-01-03T17:22:33.734000 #46141]  INFO -- : 0:  rack (1.5.2) from /Users/elhu/.rbenv/versions/jruby-1.7.3/lib/ruby/gems/shared/specifications/rack-1.5.2.gemspec
I, [2014-01-03T17:22:33.741000 #46141]  INFO -- : 0:  oauth2 (0.9.2) from /Users/elhu/.rbenv/versions/jruby-1.7.3/lib/ruby/gems/shared/specifications/oauth2-0.9.2.gemspec
I, [2014-01-03T17:22:33.751000 #46141]  INFO -- : 0:  github_api (0.10.1) from /Users/elhu/.rbenv/versions/jruby-1.7.3/lib/ruby/gems/shared/specifications/github_api-0.10.1.gemspec
I, [2014-01-03T17:22:35.547000 #46141]  INFO -- : 0:  highline (1.6.19) from /Users/elhu/.rbenv/versions/jruby-1.7.3/lib/ruby/gems/shared/specifications/highline-1.6.19.gemspec
I, [2014-01-03T17:22:35.552000 #46141]  INFO -- : 0:  maven-tools (0.32.5) from /Users/elhu/.rbenv/versions/jruby-1.7.3/lib/ruby/gems/shared/specifications/maven-tools-0.32.5.gemspec
I, [2014-01-03T17:22:35.556000 #46141]  INFO -- : 0:  thor (0.18.1) from /Users/elhu/.rbenv/versions/jruby-1.7.3/lib/ruby/gems/shared/specifications/thor-0.18.1.gemspec
I, [2014-01-03T17:22:35.560000 #46141]  INFO -- : 0:  ruby-maven (3.0.4.1.4) from /Users/elhu/.rbenv/versions/jruby-1.7.3/lib/ruby/gems/shared/specifications/ruby-maven-3.0.4.1.4.gemspec
I, [2014-01-03T17:22:35.563000 #46141]  INFO -- : 0:  jbundler (0.4.3) from /Users/elhu/.rbenv/versions/jruby-1.7.3/lib/ruby/gems/shared/specifications/jbundler-0.4.3.gemspec
I, [2014-01-03T17:22:35.566000 #46141]  INFO -- : 0:  bundler (1.5.1) from /Users/elhu/.rbenv/versions/jruby-1.7.3/lib/ruby/gems/shared/specifications/bundler-1.5.1.gemspec
I, [2014-01-03T17:22:38.133000 #46141]  INFO -- : 0:  json (1.8.0) from /Users/elhu/.rbenv/versions/jruby-1.7.3/lib/ruby/gems/shared/specifications/json-1.8.0-java.gemspec
I, [2014-01-03T17:22:38.137000 #46141]  INFO -- : 0:  rdoc (3.12.2) from /Users/elhu/.rbenv/versions/jruby-1.7.3/lib/ruby/gems/shared/specifications/rdoc-3.12.2.gemspec
I, [2014-01-03T17:22:39.829000 #46141]  INFO -- : 0:  jeweler (1.8.7) from /Users/elhu/.rbenv/versions/jruby-1.7.3/lib/ruby/gems/shared/specifications/jeweler-1.8.7.gemspec
I, [2014-01-03T17:22:39.836000 #46141]  INFO -- : 0:  transaction-simple (1.4.0.2) from /Users/elhu/.rbenv/versions/jruby-1.7.3/lib/ruby/gems/shared/specifications/transaction-simple-1.4.0.2.gemspec
I, [2014-01-03T17:22:39.842000 #46141]  INFO -- : 0:  pdf-writer (1.1.8) from /Users/elhu/.rbenv/versions/jruby-1.7.3/lib/ruby/gems/shared/specifications/pdf-writer-1.1.8.gemspec
I, [2014-01-03T17:22:41.654000 #46141]  INFO -- : 0:  rspec-core (2.14.5) from /Users/elhu/.rbenv/versions/jruby-1.7.3/lib/ruby/gems/shared/specifications/rspec-core-2.14.5.gemspec
I, [2014-01-03T17:22:43.654000 #46141]  INFO -- : 0:  rspec-expectations (2.14.2) from /Users/elhu/.rbenv/versions/jruby-1.7.3/lib/ruby/gems/shared/specifications/rspec-expectations-2.14.2.gemspec
I, [2014-01-03T17:22:45.287000 #46141]  INFO -- : 0:  rspec-mocks (2.14.3) from /Users/elhu/.rbenv/versions/jruby-1.7.3/lib/ruby/gems/shared/specifications/rspec-mocks-2.14.3.gemspec
I, [2014-01-03T17:22:45.294000 #46141]  INFO -- : 0:  rspec (2.14.1) from /Users/elhu/.rbenv/versions/jruby-1.7.3/lib/ruby/gems/shared/specifications/rspec-2.14.1.gemspec
I, [2014-01-03T17:22:45.301000 #46141]  INFO -- : 0:  ruport (1.6.3) from /Users/elhu/.rbenv/versions/jruby-1.7.3/lib/ruby/gems/shared/specifications/ruport-1.6.3.gemspec
I, [2014-01-03T17:22:46.452000 #46141]  INFO -- : 0:  shoulda-context (1.1.5) from /Users/elhu/.rbenv/versions/jruby-1.7.3/lib/ruby/gems/shared/specifications/shoulda-context-1.1.5.gemspec
I, [2014-01-03T17:22:47.940000 #46141]  INFO -- : 0:  shoulda-matchers (2.3.0) from /Users/elhu/.rbenv/versions/jruby-1.7.3/lib/ruby/gems/shared/specifications/shoulda-matchers-2.3.0.gemspec
I, [2014-01-03T17:22:47.945000 #46141]  INFO -- : 0:  shoulda (3.5.0) from /Users/elhu/.rbenv/versions/jruby-1.7.3/lib/ruby/gems/shared/specifications/shoulda-3.5.0.gemspec
I, [2014-01-03T17:22:49.501000 #46141]  INFO -- : 0:  simplecov-html (0.7.1) from /Users/elhu/.rbenv/versions/jruby-1.7.3/lib/ruby/gems/shared/specifications/simplecov-html-0.7.1.gemspec
I, [2014-01-03T17:22:50.793000 #46141]  INFO -- : 0:  simplecov (0.7.1) from /Users/elhu/.rbenv/versions/jruby-1.7.3/lib/ruby/gems/shared/specifications/simplecov-0.7.1.gemspec
I, [2014-01-03T17:22:50.797000 #46141]  INFO -- : 0:  test-unit (2.5.5) from /Users/elhu/.rbenv/versions/jruby-1.7.3/lib/ruby/gems/shared/specifications/test-unit-2.5.5.gemspec
I, [2014-01-03T17:30:19.472000 #46657]  INFO -- : 0:  rake (10.1.0) from /Users/elhu/.rbenv/versions/jruby-1.7.3/lib/ruby/gems/shared/specifications/rake-10.1.0.gemspec
I, [2014-01-03T17:30:21.529000 #46657]  INFO -- : 0:  i18n (0.6.9) from /Users/elhu/.rbenv/versions/jruby-1.7.3/lib/ruby/gems/shared/specifications/i18n-0.6.9.gemspec
I, [2014-01-03T17:30:22.718000 #46657]  INFO -- : 0:  minitest (4.7.5) from /Users/elhu/.rbenv/versions/jruby-1.7.3/lib/ruby/gems/shared/specifications/minitest-4.7.5.gemspec
I, [2014-01-03T17:30:22.726000 #46657]  INFO -- : 0:  multi_json (1.8.2) from /Users/elhu/.rbenv/versions/jruby-1.7.3/lib/ruby/gems/shared/specifications/multi_json-1.8.2.gemspec
I, [2014-01-03T17:30:22.731000 #46657]  INFO -- : 0:  atomic (1.1.14) from /Users/elhu/.rbenv/versions/jruby-1.7.3/lib/ruby/gems/shared/specifications/atomic-1.1.14-java.gemspec
I, [2014-01-03T17:30:22.738000 #46657]  INFO -- : 0:  thread_safe (0.1.3) from /Users/elhu/.rbenv/versions/jruby-1.7.3/lib/ruby/gems/shared/specifications/thread_safe-0.1.3-java.gemspec
I, [2014-01-03T17:30:26.495000 #46657]  INFO -- : 0:  tzinfo (0.3.38) from /Users/elhu/.rbenv/versions/jruby-1.7.3/lib/ruby/gems/shared/specifications/tzinfo-0.3.38.gemspec
I, [2014-01-03T17:30:28.633000 #46657]  INFO -- : 0:  activesupport (4.0.2) from /Users/elhu/.rbenv/versions/jruby-1.7.3/lib/ruby/gems/shared/specifications/activesupport-4.0.2.gemspec
I, [2014-01-03T17:30:28.641000 #46657]  INFO -- : 0:  addressable (2.3.5) from /Users/elhu/.rbenv/versions/jruby-1.7.3/lib/ruby/gems/shared/specifications/addressable-2.3.5.gemspec
I, [2014-01-03T17:30:31.162000 #46657]  INFO -- : 0:  backports (3.4.0) from /Users/elhu/.rbenv/versions/jruby-1.7.3/lib/ruby/gems/shared/specifications/backports-3.4.0.gemspec
I, [2014-01-03T17:30:31.169000 #46657]  INFO -- : 0:  bio (1.4.3.0001) from /Users/elhu/.rbenv/versions/jruby-1.7.3/lib/ruby/gems/shared/specifications/bio-1.4.3.0001.gemspec
I, [2014-01-03T17:30:31.174000 #46657]  INFO -- : 0:  builder (3.2.2) from /Users/elhu/.rbenv/versions/jruby-1.7.3/lib/ruby/gems/shared/specifications/builder-3.2.2.gemspec
I, [2014-01-03T17:30:31.178000 #46657]  INFO -- : 0:  bundler (1.5.1) from /Users/elhu/.rbenv/versions/jruby-1.7.3/lib/ruby/gems/shared/specifications/bundler-1.5.1.gemspec
I, [2014-01-03T17:30:31.185000 #46657]  INFO -- : 0:  color (1.4.2) from /Users/elhu/.rbenv/versions/jruby-1.7.3/lib/ruby/gems/shared/specifications/color-1.4.2.gemspec
I, [2014-01-03T17:30:31.190000 #46657]  INFO -- : 0:  diff-lcs (1.2.5) from /Users/elhu/.rbenv/versions/jruby-1.7.3/lib/ruby/gems/shared/specifications/diff-lcs-1.2.5.gemspec
I, [2014-01-03T17:30:31.194000 #46657]  INFO -- : 0:  gherkin (2.12.2) from /Users/elhu/.rbenv/versions/jruby-1.7.3/lib/ruby/gems/shared/specifications/gherkin-2.12.2-java.gemspec
I, [2014-01-03T17:30:31.198000 #46657]  INFO -- : 0:  multi_test (0.0.3) from /Users/elhu/.rbenv/versions/jruby-1.7.3/lib/ruby/gems/shared/specifications/multi_test-0.0.3.gemspec
I, [2014-01-03T17:30:31.202000 #46657]  INFO -- : 0:  cucumber (1.3.10) from /Users/elhu/.rbenv/versions/jruby-1.7.3/lib/ruby/gems/shared/specifications/cucumber-1.3.10.gemspec
I, [2014-01-03T17:30:32.208000 #46657]  INFO -- : 0:  descendants_tracker (0.0.3) from /Users/elhu/.rbenv/versions/jruby-1.7.3/lib/ruby/gems/shared/specifications/descendants_tracker-0.0.3.gemspec
I, [2014-01-03T17:30:33.171000 #46657]  INFO -- : 0:  docile (1.1.1) from /Users/elhu/.rbenv/versions/jruby-1.7.3/lib/ruby/gems/shared/specifications/docile-1.1.1.gemspec
I, [2014-01-03T17:30:33.175000 #46657]  INFO -- : 0:  multipart-post (1.2.0) from /Users/elhu/.rbenv/versions/jruby-1.7.3/lib/ruby/gems/shared/specifications/multipart-post-1.2.0.gemspec
I, [2014-01-03T17:30:33.180000 #46657]  INFO -- : 0:  faraday (0.8.8) from /Users/elhu/.rbenv/versions/jruby-1.7.3/lib/ruby/gems/shared/specifications/faraday-0.8.8.gemspec
I, [2014-01-03T17:30:33.183000 #46657]  INFO -- : 0:  fastercsv (1.5.5) from /Users/elhu/.rbenv/versions/jruby-1.7.3/lib/ruby/gems/shared/specifications/fastercsv-1.5.5.gemspec
I, [2014-01-03T17:30:33.186000 #46657]  INFO -- : 0:  git (1.2.6) from /Users/elhu/.rbenv/versions/jruby-1.7.3/lib/ruby/gems/shared/specifications/git-1.2.6.gemspec
I, [2014-01-03T17:30:34.216000 #46657]  INFO -- : 0:  hashie (2.0.4) from /Users/elhu/.rbenv/versions/jruby-1.7.3/lib/ruby/gems/shared/specifications/hashie-2.0.4.gemspec
I, [2014-01-03T17:30:34.221000 #46657]  INFO -- : 0:  nokogiri (1.5.10) from /Users/elhu/.rbenv/versions/jruby-1.7.3/lib/ruby/gems/shared/specifications/nokogiri-1.5.10-java.gemspec
I, [2014-01-03T17:30:34.225000 #46657]  INFO -- : 0:  httpauth (0.2.0) from /Users/elhu/.rbenv/versions/jruby-1.7.3/lib/ruby/gems/shared/specifications/httpauth-0.2.0.gemspec
I, [2014-01-03T17:30:34.230000 #46657]  INFO -- : 0:  jwt (0.1.8) from /Users/elhu/.rbenv/versions/jruby-1.7.3/lib/ruby/gems/shared/specifications/jwt-0.1.8.gemspec
I, [2014-01-03T17:30:34.235000 #46657]  INFO -- : 0:  multi_xml (0.5.5) from /Users/elhu/.rbenv/versions/jruby-1.7.3/lib/ruby/gems/shared/specifications/multi_xml-0.5.5.gemspec
I, [2014-01-03T17:30:36.060000 #46657]  INFO -- : 0:  rack (1.5.1) from /Users/elhu/.rbenv/versions/jruby-1.7.3/lib/ruby/gems/shared/specifications/rack-1.5.1.gemspec
I, [2014-01-03T17:30:36.065000 #46657]  INFO -- : 0:  oauth2 (0.9.2) from /Users/elhu/.rbenv/versions/jruby-1.7.3/lib/ruby/gems/shared/specifications/oauth2-0.9.2.gemspec
I, [2014-01-03T17:30:36.070000 #46657]  INFO -- : 0:  github_api (0.10.1) from /Users/elhu/.rbenv/versions/jruby-1.7.3/lib/ruby/gems/shared/specifications/github_api-0.10.1.gemspec
I, [2014-01-03T17:30:36.074000 #46657]  INFO -- : 0:  highline (1.6.20) from /Users/elhu/.rbenv/versions/jruby-1.7.3/lib/ruby/gems/shared/specifications/highline-1.6.20.gemspec
I, [2014-01-03T17:30:37.944000 #46657]  INFO -- : 0:  virtus (0.5.5) from /Users/elhu/.rbenv/versions/jruby-1.7.3/lib/ruby/gems/shared/specifications/virtus-0.5.5.gemspec
I, [2014-01-03T17:30:39.351000 #46657]  INFO -- : 0:  maven-tools (0.34.2) from /Users/elhu/.rbenv/versions/jruby-1.7.3/lib/ruby/gems/shared/specifications/maven-tools-0.34.2.gemspec
I, [2014-01-03T17:30:45.056000 #46657]  INFO -- : 0:  ruby-maven-libs (3.1.1) from /Users/elhu/.rbenv/versions/jruby-1.7.3/lib/ruby/gems/shared/specifications/ruby-maven-libs-3.1.1.gemspec
I, [2014-01-03T17:30:46.710000 #46657]  INFO -- : 0:  ruby-maven (3.1.1.0.1) from /Users/elhu/.rbenv/versions/jruby-1.7.3/lib/ruby/gems/shared/specifications/ruby-maven-3.1.1.0.1.gemspec
I, [2014-01-03T17:30:48.788000 #46657]  INFO -- : 0:  jbundler (0.5.4) from /Users/elhu/.rbenv/versions/jruby-1.7.3/lib/ruby/gems/shared/specifications/jbundler-0.5.4.gemspec
I, [2014-01-03T17:30:48.794000 #46657]  INFO -- : 0:  json (1.8.1) from /Users/elhu/.rbenv/versions/jruby-1.7.3/lib/ruby/gems/shared/specifications/json-1.8.1-java.gemspec
I, [2014-01-03T17:30:48.800000 #46657]  INFO -- : 0:  rdoc (3.12.2) from /Users/elhu/.rbenv/versions/jruby-1.7.3/lib/ruby/gems/shared/specifications/rdoc-3.12.2.gemspec
I, [2014-01-03T17:30:48.805000 #46657]  INFO -- : 0:  jeweler (1.8.8) from /Users/elhu/.rbenv/versions/jruby-1.7.3/lib/ruby/gems/shared/specifications/jeweler-1.8.8.gemspec
I, [2014-01-03T17:30:48.810000 #46657]  INFO -- : 0:  transaction-simple (1.4.0.2) from /Users/elhu/.rbenv/versions/jruby-1.7.3/lib/ruby/gems/shared/specifications/transaction-simple-1.4.0.2.gemspec
I, [2014-01-03T17:30:48.814000 #46657]  INFO -- : 0:  pdf-writer (1.1.8) from /Users/elhu/.rbenv/versions/jruby-1.7.3/lib/ruby/gems/shared/specifications/pdf-writer-1.1.8.gemspec
I, [2014-01-03T17:30:48.818000 #46657]  INFO -- : 0:  rspec-core (2.14.7) from /Users/elhu/.rbenv/versions/jruby-1.7.3/lib/ruby/gems/shared/specifications/rspec-core-2.14.7.gemspec
I, [2014-01-03T17:30:48.823000 #46657]  INFO -- : 0:  rspec-expectations (2.14.4) from /Users/elhu/.rbenv/versions/jruby-1.7.3/lib/ruby/gems/shared/specifications/rspec-expectations-2.14.4.gemspec
I, [2014-01-03T17:30:48.829000 #46657]  INFO -- : 0:  rspec-mocks (2.14.4) from /Users/elhu/.rbenv/versions/jruby-1.7.3/lib/ruby/gems/shared/specifications/rspec-mocks-2.14.4.gemspec
I, [2014-01-03T17:30:49.689000 #46657]  INFO -- : 0:  rspec (2.14.0) from /Users/elhu/.rbenv/versions/jruby-1.7.3/lib/ruby/gems/shared/specifications/rspec-2.14.0.gemspec
I, [2014-01-03T17:30:49.700000 #46657]  INFO -- : 0:  ruport (1.6.3) from /Users/elhu/.rbenv/versions/jruby-1.7.3/lib/ruby/gems/shared/specifications/ruport-1.6.3.gemspec
I, [2014-01-03T17:30:49.708000 #46657]  INFO -- : 0:  shoulda-context (1.1.6) from /Users/elhu/.rbenv/versions/jruby-1.7.3/lib/ruby/gems/shared/specifications/shoulda-context-1.1.6.gemspec
I, [2014-01-03T17:30:49.714000 #46657]  INFO -- : 0:  shoulda-matchers (2.4.0) from /Users/elhu/.rbenv/versions/jruby-1.7.3/lib/ruby/gems/shared/specifications/shoulda-matchers-2.4.0.gemspec
I, [2014-01-03T17:30:49.745000 #46657]  INFO -- : 0:  shoulda (3.5.0) from /Users/elhu/.rbenv/versions/jruby-1.7.3/lib/ruby/gems/shared/specifications/shoulda-3.5.0.gemspec
I, [2014-01-03T17:30:49.778000 #46657]  INFO -- : 0:  simplecov-html (0.8.0) from /Users/elhu/.rbenv/versions/jruby-1.7.3/lib/ruby/gems/shared/specifications/simplecov-html-0.8.0.gemspec
I, [2014-01-03T17:30:51.262000 #46657]  INFO -- : 0:  simplecov (0.8.2) from /Users/elhu/.rbenv/versions/jruby-1.7.3/lib/ruby/gems/shared/specifications/simplecov-0.8.2.gemspec
I, [2014-01-03T17:30:51.266000 #46657]  INFO -- : 0:  test-unit (2.5.5) from /Users/elhu/.rbenv/versions/jruby-1.7.3/lib/ruby/gems/shared/specifications/test-unit-2.5.5.gemspec
I, [2014-01-03T18:02:33.429000 #48291]  INFO -- : 0:  rake (10.1.0) from /Users/elhu/.rbenv/versions/jruby-1.7.3/lib/ruby/gems/shared/specifications/rake-10.1.0.gemspec
I, [2014-01-03T18:02:33.445000 #48291]  INFO -- : 0:  i18n (0.6.9) from /Users/elhu/.rbenv/versions/jruby-1.7.3/lib/ruby/gems/shared/specifications/i18n-0.6.9.gemspec
I, [2014-01-03T18:02:33.457000 #48291]  INFO -- : 0:  minitest (4.7.5) from /Users/elhu/.rbenv/versions/jruby-1.7.3/lib/ruby/gems/shared/specifications/minitest-4.7.5.gemspec
I, [2014-01-03T18:02:33.469000 #48291]  INFO -- : 0:  multi_json (1.8.2) from /Users/elhu/.rbenv/versions/jruby-1.7.3/lib/ruby/gems/shared/specifications/multi_json-1.8.2.gemspec
I, [2014-01-03T18:02:33.481000 #48291]  INFO -- : 0:  atomic (1.1.14) from /Users/elhu/.rbenv/versions/jruby-1.7.3/lib/ruby/gems/shared/specifications/atomic-1.1.14-java.gemspec
I, [2014-01-03T18:02:33.493000 #48291]  INFO -- : 0:  thread_safe (0.1.3) from /Users/elhu/.rbenv/versions/jruby-1.7.3/lib/ruby/gems/shared/specifications/thread_safe-0.1.3-java.gemspec
I, [2014-01-03T18:02:33.505000 #48291]  INFO -- : 0:  tzinfo (0.3.38) from /Users/elhu/.rbenv/versions/jruby-1.7.3/lib/ruby/gems/shared/specifications/tzinfo-0.3.38.gemspec
I, [2014-01-03T18:02:33.529000 #48291]  INFO -- : 0:  activesupport (4.0.2) from /Users/elhu/.rbenv/versions/jruby-1.7.3/lib/ruby/gems/shared/specifications/activesupport-4.0.2.gemspec
I, [2014-01-03T18:02:33.546000 #48291]  INFO -- : 0:  addressable (2.3.5) from /Users/elhu/.rbenv/versions/jruby-1.7.3/lib/ruby/gems/shared/specifications/addressable-2.3.5.gemspec
I, [2014-01-03T18:02:33.560000 #48291]  INFO -- : 0:  backports (3.4.0) from /Users/elhu/.rbenv/versions/jruby-1.7.3/lib/ruby/gems/shared/specifications/backports-3.4.0.gemspec
I, [2014-01-03T18:02:33.573000 #48291]  INFO -- : 0:  bio (1.4.3.0001) from /Users/elhu/.rbenv/versions/jruby-1.7.3/lib/ruby/gems/shared/specifications/bio-1.4.3.0001.gemspec
I, [2014-01-03T18:02:33.587000 #48291]  INFO -- : 0:  builder (3.2.2) from /Users/elhu/.rbenv/versions/jruby-1.7.3/lib/ruby/gems/shared/specifications/builder-3.2.2.gemspec
I, [2014-01-03T18:02:33.607000 #48291]  INFO -- : 0:  color (1.4.2) from /Users/elhu/.rbenv/versions/jruby-1.7.3/lib/ruby/gems/shared/specifications/color-1.4.2.gemspec
I, [2014-01-03T18:02:33.623000 #48291]  INFO -- : 0:  diff-lcs (1.2.5) from /Users/elhu/.rbenv/versions/jruby-1.7.3/lib/ruby/gems/shared/specifications/diff-lcs-1.2.5.gemspec
I, [2014-01-03T18:02:33.639000 #48291]  INFO -- : 0:  gherkin (2.12.2) from /Users/elhu/.rbenv/versions/jruby-1.7.3/lib/ruby/gems/shared/specifications/gherkin-2.12.2-java.gemspec
I, [2014-01-03T18:02:33.656000 #48291]  INFO -- : 0:  multi_test (0.0.3) from /Users/elhu/.rbenv/versions/jruby-1.7.3/lib/ruby/gems/shared/specifications/multi_test-0.0.3.gemspec
I, [2014-01-03T18:02:33.666000 #48291]  INFO -- : 0:  cucumber (1.3.10) from /Users/elhu/.rbenv/versions/jruby-1.7.3/lib/ruby/gems/shared/specifications/cucumber-1.3.10.gemspec
I, [2014-01-03T18:02:33.677000 #48291]  INFO -- : 0:  descendants_tracker (0.0.3) from /Users/elhu/.rbenv/versions/jruby-1.7.3/lib/ruby/gems/shared/specifications/descendants_tracker-0.0.3.gemspec
I, [2014-01-03T18:02:33.687000 #48291]  INFO -- : 0:  docile (1.1.1) from /Users/elhu/.rbenv/versions/jruby-1.7.3/lib/ruby/gems/shared/specifications/docile-1.1.1.gemspec
I, [2014-01-03T18:02:33.697000 #48291]  INFO -- : 0:  multipart-post (1.2.0) from /Users/elhu/.rbenv/versions/jruby-1.7.3/lib/ruby/gems/shared/specifications/multipart-post-1.2.0.gemspec
I, [2014-01-03T18:02:33.709000 #48291]  INFO -- : 0:  faraday (0.8.8) from /Users/elhu/.rbenv/versions/jruby-1.7.3/lib/ruby/gems/shared/specifications/faraday-0.8.8.gemspec
I, [2014-01-03T18:02:33.718000 #48291]  INFO -- : 0:  fastercsv (1.5.5) from /Users/elhu/.rbenv/versions/jruby-1.7.3/lib/ruby/gems/shared/specifications/fastercsv-1.5.5.gemspec
I, [2014-01-03T18:02:33.732000 #48291]  INFO -- : 0:  git (1.2.6) from /Users/elhu/.rbenv/versions/jruby-1.7.3/lib/ruby/gems/shared/specifications/git-1.2.6.gemspec
I, [2014-01-03T18:02:33.743000 #48291]  INFO -- : 0:  hashie (2.0.4) from /Users/elhu/.rbenv/versions/jruby-1.7.3/lib/ruby/gems/shared/specifications/hashie-2.0.4.gemspec
I, [2014-01-03T18:02:33.754000 #48291]  INFO -- : 0:  nokogiri (1.5.10) from /Users/elhu/.rbenv/versions/jruby-1.7.3/lib/ruby/gems/shared/specifications/nokogiri-1.5.10-java.gemspec
I, [2014-01-03T18:02:33.778000 #48291]  INFO -- : 0:  httpauth (0.2.0) from /Users/elhu/.rbenv/versions/jruby-1.7.3/lib/ruby/gems/shared/specifications/httpauth-0.2.0.gemspec
I, [2014-01-03T18:02:33.790000 #48291]  INFO -- : 0:  jwt (0.1.8) from /Users/elhu/.rbenv/versions/jruby-1.7.3/lib/ruby/gems/shared/specifications/jwt-0.1.8.gemspec
I, [2014-01-03T18:02:33.798000 #48291]  INFO -- : 0:  multi_xml (0.5.5) from /Users/elhu/.rbenv/versions/jruby-1.7.3/lib/ruby/gems/shared/specifications/multi_xml-0.5.5.gemspec
I, [2014-01-03T18:02:33.808000 #48291]  INFO -- : 0:  rack (1.5.1) from /Users/elhu/.rbenv/versions/jruby-1.7.3/lib/ruby/gems/shared/specifications/rack-1.5.1.gemspec
I, [2014-01-03T18:02:33.817000 #48291]  INFO -- : 0:  oauth2 (0.9.2) from /Users/elhu/.rbenv/versions/jruby-1.7.3/lib/ruby/gems/shared/specifications/oauth2-0.9.2.gemspec
I, [2014-01-03T18:02:33.828000 #48291]  INFO -- : 0:  github_api (0.10.1) from /Users/elhu/.rbenv/versions/jruby-1.7.3/lib/ruby/gems/shared/specifications/github_api-0.10.1.gemspec
I, [2014-01-03T18:02:33.838000 #48291]  INFO -- : 0:  highline (1.6.20) from /Users/elhu/.rbenv/versions/jruby-1.7.3/lib/ruby/gems/shared/specifications/highline-1.6.20.gemspec
I, [2014-01-03T18:02:33.846000 #48291]  INFO -- : 0:  bundler (1.5.1) from /Users/elhu/.rbenv/versions/jruby-1.7.3/lib/ruby/gems/shared/specifications/bundler-1.5.1.gemspec
I, [2014-01-03T18:02:33.859000 #48291]  INFO -- : 0:  virtus (0.5.5) from /Users/elhu/.rbenv/versions/jruby-1.7.3/lib/ruby/gems/shared/specifications/virtus-0.5.5.gemspec
I, [2014-01-03T18:02:33.869000 #48291]  INFO -- : 0:  maven-tools (0.34.2) from /Users/elhu/.rbenv/versions/jruby-1.7.3/lib/ruby/gems/shared/specifications/maven-tools-0.34.2.gemspec
I, [2014-01-03T18:02:33.878000 #48291]  INFO -- : 0:  ruby-maven-libs (3.1.1) from /Users/elhu/.rbenv/versions/jruby-1.7.3/lib/ruby/gems/shared/specifications/ruby-maven-libs-3.1.1.gemspec
I, [2014-01-03T18:02:33.887000 #48291]  INFO -- : 0:  ruby-maven (3.1.1.0.1) from /Users/elhu/.rbenv/versions/jruby-1.7.3/lib/ruby/gems/shared/specifications/ruby-maven-3.1.1.0.1.gemspec
I, [2014-01-03T18:02:33.903000 #48291]  INFO -- : 0:  jbundler (0.5.4) from /Users/elhu/.rbenv/versions/jruby-1.7.3/lib/ruby/gems/shared/specifications/jbundler-0.5.4.gemspec
I, [2014-01-03T18:02:33.913000 #48291]  INFO -- : 0:  json (1.8.1) from /Users/elhu/.rbenv/versions/jruby-1.7.3/lib/ruby/gems/shared/specifications/json-1.8.1-java.gemspec
I, [2014-01-03T18:02:33.923000 #48291]  INFO -- : 0:  rdoc (3.12.2) from /Users/elhu/.rbenv/versions/jruby-1.7.3/lib/ruby/gems/shared/specifications/rdoc-3.12.2.gemspec
I, [2014-01-03T18:02:33.932000 #48291]  INFO -- : 0:  jeweler (1.8.8) from /Users/elhu/.rbenv/versions/jruby-1.7.3/lib/ruby/gems/shared/specifications/jeweler-1.8.8.gemspec
I, [2014-01-03T18:02:33.941000 #48291]  INFO -- : 0:  transaction-simple (1.4.0.2) from /Users/elhu/.rbenv/versions/jruby-1.7.3/lib/ruby/gems/shared/specifications/transaction-simple-1.4.0.2.gemspec
I, [2014-01-03T18:02:33.949000 #48291]  INFO -- : 0:  pdf-writer (1.1.8) from /Users/elhu/.rbenv/versions/jruby-1.7.3/lib/ruby/gems/shared/specifications/pdf-writer-1.1.8.gemspec
I, [2014-01-03T18:02:33.960000 #48291]  INFO -- : 0:  rspec-core (2.14.7) from /Users/elhu/.rbenv/versions/jruby-1.7.3/lib/ruby/gems/shared/specifications/rspec-core-2.14.7.gemspec
I, [2014-01-03T18:02:33.970000 #48291]  INFO -- : 0:  rspec-expectations (2.14.4) from /Users/elhu/.rbenv/versions/jruby-1.7.3/lib/ruby/gems/shared/specifications/rspec-expectations-2.14.4.gemspec
I, [2014-01-03T18:02:33.980000 #48291]  INFO -- : 0:  rspec-mocks (2.14.4) from /Users/elhu/.rbenv/versions/jruby-1.7.3/lib/ruby/gems/shared/specifications/rspec-mocks-2.14.4.gemspec
I, [2014-01-03T18:02:33.989000 #48291]  INFO -- : 0:  rspec (2.14.0) from /Users/elhu/.rbenv/versions/jruby-1.7.3/lib/ruby/gems/shared/specifications/rspec-2.14.0.gemspec
I, [2014-01-03T18:02:33.997000 #48291]  INFO -- : 0:  ruport (1.6.3) from /Users/elhu/.rbenv/versions/jruby-1.7.3/lib/ruby/gems/shared/specifications/ruport-1.6.3.gemspec
I, [2014-01-03T18:02:34.013000 #48291]  INFO -- : 0:  shoulda-context (1.1.6) from /Users/elhu/.rbenv/versions/jruby-1.7.3/lib/ruby/gems/shared/specifications/shoulda-context-1.1.6.gemspec
I, [2014-01-03T18:02:34.026000 #48291]  INFO -- : 0:  shoulda-matchers (2.4.0) from /Users/elhu/.rbenv/versions/jruby-1.7.3/lib/ruby/gems/shared/specifications/shoulda-matchers-2.4.0.gemspec
I, [2014-01-03T18:02:34.043000 #48291]  INFO -- : 0:  shoulda (3.5.0) from /Users/elhu/.rbenv/versions/jruby-1.7.3/lib/ruby/gems/shared/specifications/shoulda-3.5.0.gemspec
I, [2014-01-03T18:02:34.059000 #48291]  INFO -- : 0:  simplecov-html (0.8.0) from /Users/elhu/.rbenv/versions/jruby-1.7.3/lib/ruby/gems/shared/specifications/simplecov-html-0.8.0.gemspec
I, [2014-01-03T18:02:34.072000 #48291]  INFO -- : 0:  simplecov (0.8.2) from /Users/elhu/.rbenv/versions/jruby-1.7.3/lib/ruby/gems/shared/specifications/simplecov-0.8.2.gemspec
I, [2014-01-03T18:02:34.114000 #48291]  INFO -- : 0:  test-unit (2.5.5) from /Users/elhu/.rbenv/versions/jruby-1.7.3/lib/ruby/gems/shared/specifications/test-unit-2.5.5.gemspec
I, [2014-01-03T18:03:08.952000 #48318]  INFO -- : 0:  rake (10.1.0) from /Users/elhu/.rbenv/versions/jruby-1.7.3/lib/ruby/gems/shared/specifications/rake-10.1.0.gemspec
I, [2014-01-03T18:03:08.972000 #48318]  INFO -- : 0:  i18n (0.6.9) from /Users/elhu/.rbenv/versions/jruby-1.7.3/lib/ruby/gems/shared/specifications/i18n-0.6.9.gemspec
I, [2014-01-03T18:03:08.982000 #48318]  INFO -- : 0:  minitest (4.7.5) from /Users/elhu/.rbenv/versions/jruby-1.7.3/lib/ruby/gems/shared/specifications/minitest-4.7.5.gemspec
I, [2014-01-03T18:03:08.999000 #48318]  INFO -- : 0:  multi_json (1.8.2) from /Users/elhu/.rbenv/versions/jruby-1.7.3/lib/ruby/gems/shared/specifications/multi_json-1.8.2.gemspec
I, [2014-01-03T18:03:09.009000 #48318]  INFO -- : 0:  atomic (1.1.14) from /Users/elhu/.rbenv/versions/jruby-1.7.3/lib/ruby/gems/shared/specifications/atomic-1.1.14-java.gemspec
I, [2014-01-03T18:03:09.022000 #48318]  INFO -- : 0:  thread_safe (0.1.3) from /Users/elhu/.rbenv/versions/jruby-1.7.3/lib/ruby/gems/shared/specifications/thread_safe-0.1.3-java.gemspec
I, [2014-01-03T18:03:09.033000 #48318]  INFO -- : 0:  tzinfo (0.3.38) from /Users/elhu/.rbenv/versions/jruby-1.7.3/lib/ruby/gems/shared/specifications/tzinfo-0.3.38.gemspec
I, [2014-01-03T18:03:09.042000 #48318]  INFO -- : 0:  activesupport (4.0.2) from /Users/elhu/.rbenv/versions/jruby-1.7.3/lib/ruby/gems/shared/specifications/activesupport-4.0.2.gemspec
I, [2014-01-03T18:03:09.051000 #48318]  INFO -- : 0:  addressable (2.3.5) from /Users/elhu/.rbenv/versions/jruby-1.7.3/lib/ruby/gems/shared/specifications/addressable-2.3.5.gemspec
I, [2014-01-03T18:03:09.061000 #48318]  INFO -- : 0:  backports (3.4.0) from /Users/elhu/.rbenv/versions/jruby-1.7.3/lib/ruby/gems/shared/specifications/backports-3.4.0.gemspec
I, [2014-01-03T18:03:09.072000 #48318]  INFO -- : 0:  bio (1.4.3.0001) from /Users/elhu/.rbenv/versions/jruby-1.7.3/lib/ruby/gems/shared/specifications/bio-1.4.3.0001.gemspec
I, [2014-01-03T18:03:09.087000 #48318]  INFO -- : 0:  builder (3.2.2) from /Users/elhu/.rbenv/versions/jruby-1.7.3/lib/ruby/gems/shared/specifications/builder-3.2.2.gemspec
I, [2014-01-03T18:03:09.097000 #48318]  INFO -- : 0:  color (1.4.2) from /Users/elhu/.rbenv/versions/jruby-1.7.3/lib/ruby/gems/shared/specifications/color-1.4.2.gemspec
I, [2014-01-03T18:03:09.109000 #48318]  INFO -- : 0:  diff-lcs (1.2.5) from /Users/elhu/.rbenv/versions/jruby-1.7.3/lib/ruby/gems/shared/specifications/diff-lcs-1.2.5.gemspec
I, [2014-01-03T18:03:09.120000 #48318]  INFO -- : 0:  gherkin (2.12.2) from /Users/elhu/.rbenv/versions/jruby-1.7.3/lib/ruby/gems/shared/specifications/gherkin-2.12.2-java.gemspec
I, [2014-01-03T18:03:09.129000 #48318]  INFO -- : 0:  multi_test (0.0.3) from /Users/elhu/.rbenv/versions/jruby-1.7.3/lib/ruby/gems/shared/specifications/multi_test-0.0.3.gemspec
I, [2014-01-03T18:03:09.137000 #48318]  INFO -- : 0:  cucumber (1.3.10) from /Users/elhu/.rbenv/versions/jruby-1.7.3/lib/ruby/gems/shared/specifications/cucumber-1.3.10.gemspec
I, [2014-01-03T18:03:09.146000 #48318]  INFO -- : 0:  descendants_tracker (0.0.3) from /Users/elhu/.rbenv/versions/jruby-1.7.3/lib/ruby/gems/shared/specifications/descendants_tracker-0.0.3.gemspec
I, [2014-01-03T18:03:09.155000 #48318]  INFO -- : 0:  docile (1.1.1) from /Users/elhu/.rbenv/versions/jruby-1.7.3/lib/ruby/gems/shared/specifications/docile-1.1.1.gemspec
I, [2014-01-03T18:03:09.163000 #48318]  INFO -- : 0:  multipart-post (1.2.0) from /Users/elhu/.rbenv/versions/jruby-1.7.3/lib/ruby/gems/shared/specifications/multipart-post-1.2.0.gemspec
I, [2014-01-03T18:03:09.174000 #48318]  INFO -- : 0:  faraday (0.8.8) from /Users/elhu/.rbenv/versions/jruby-1.7.3/lib/ruby/gems/shared/specifications/faraday-0.8.8.gemspec
I, [2014-01-03T18:03:09.181000 #48318]  INFO -- : 0:  fastercsv (1.5.5) from /Users/elhu/.rbenv/versions/jruby-1.7.3/lib/ruby/gems/shared/specifications/fastercsv-1.5.5.gemspec
I, [2014-01-03T18:03:09.191000 #48318]  INFO -- : 0:  git (1.2.6) from /Users/elhu/.rbenv/versions/jruby-1.7.3/lib/ruby/gems/shared/specifications/git-1.2.6.gemspec
I, [2014-01-03T18:03:09.199000 #48318]  INFO -- : 0:  hashie (2.0.4) from /Users/elhu/.rbenv/versions/jruby-1.7.3/lib/ruby/gems/shared/specifications/hashie-2.0.4.gemspec
I, [2014-01-03T18:03:09.213000 #48318]  INFO -- : 0:  nokogiri (1.5.10) from /Users/elhu/.rbenv/versions/jruby-1.7.3/lib/ruby/gems/shared/specifications/nokogiri-1.5.10-java.gemspec
I, [2014-01-03T18:03:09.226000 #48318]  INFO -- : 0:  httpauth (0.2.0) from /Users/elhu/.rbenv/versions/jruby-1.7.3/lib/ruby/gems/shared/specifications/httpauth-0.2.0.gemspec
I, [2014-01-03T18:03:09.236000 #48318]  INFO -- : 0:  jwt (0.1.8) from /Users/elhu/.rbenv/versions/jruby-1.7.3/lib/ruby/gems/shared/specifications/jwt-0.1.8.gemspec
I, [2014-01-03T18:03:09.246000 #48318]  INFO -- : 0:  multi_xml (0.5.5) from /Users/elhu/.rbenv/versions/jruby-1.7.3/lib/ruby/gems/shared/specifications/multi_xml-0.5.5.gemspec
I, [2014-01-03T18:03:09.253000 #48318]  INFO -- : 0:  rack (1.5.1) from /Users/elhu/.rbenv/versions/jruby-1.7.3/lib/ruby/gems/shared/specifications/rack-1.5.1.gemspec
I, [2014-01-03T18:03:09.264000 #48318]  INFO -- : 0:  oauth2 (0.9.2) from /Users/elhu/.rbenv/versions/jruby-1.7.3/lib/ruby/gems/shared/specifications/oauth2-0.9.2.gemspec
I, [2014-01-03T18:03:09.275000 #48318]  INFO -- : 0:  github_api (0.10.1) from /Users/elhu/.rbenv/versions/jruby-1.7.3/lib/ruby/gems/shared/specifications/github_api-0.10.1.gemspec
I, [2014-01-03T18:03:09.284000 #48318]  INFO -- : 0:  highline (1.6.20) from /Users/elhu/.rbenv/versions/jruby-1.7.3/lib/ruby/gems/shared/specifications/highline-1.6.20.gemspec
I, [2014-01-03T18:03:09.293000 #48318]  INFO -- : 0:  bundler (1.5.1) from /Users/elhu/.rbenv/versions/jruby-1.7.3/lib/ruby/gems/shared/specifications/bundler-1.5.1.gemspec
I, [2014-01-03T18:03:09.305000 #48318]  INFO -- : 0:  virtus (0.5.5) from /Users/elhu/.rbenv/versions/jruby-1.7.3/lib/ruby/gems/shared/specifications/virtus-0.5.5.gemspec
I, [2014-01-03T18:03:09.313000 #48318]  INFO -- : 0:  maven-tools (0.34.2) from /Users/elhu/.rbenv/versions/jruby-1.7.3/lib/ruby/gems/shared/specifications/maven-tools-0.34.2.gemspec
I, [2014-01-03T18:03:09.321000 #48318]  INFO -- : 0:  ruby-maven-libs (3.1.1) from /Users/elhu/.rbenv/versions/jruby-1.7.3/lib/ruby/gems/shared/specifications/ruby-maven-libs-3.1.1.gemspec
I, [2014-01-03T18:03:09.330000 #48318]  INFO -- : 0:  ruby-maven (3.1.1.0.1) from /Users/elhu/.rbenv/versions/jruby-1.7.3/lib/ruby/gems/shared/specifications/ruby-maven-3.1.1.0.1.gemspec
I, [2014-01-03T18:03:09.336000 #48318]  INFO -- : 0:  jbundler (0.5.4) from /Users/elhu/.rbenv/versions/jruby-1.7.3/lib/ruby/gems/shared/specifications/jbundler-0.5.4.gemspec
I, [2014-01-03T18:03:09.344000 #48318]  INFO -- : 0:  json (1.8.1) from /Users/elhu/.rbenv/versions/jruby-1.7.3/lib/ruby/gems/shared/specifications/json-1.8.1-java.gemspec
I, [2014-01-03T18:03:09.353000 #48318]  INFO -- : 0:  rdoc (3.12.2) from /Users/elhu/.rbenv/versions/jruby-1.7.3/lib/ruby/gems/shared/specifications/rdoc-3.12.2.gemspec
I, [2014-01-03T18:03:09.362000 #48318]  INFO -- : 0:  jeweler (1.8.8) from /Users/elhu/.rbenv/versions/jruby-1.7.3/lib/ruby/gems/shared/specifications/jeweler-1.8.8.gemspec
I, [2014-01-03T18:03:09.370000 #48318]  INFO -- : 0:  transaction-simple (1.4.0.2) from /Users/elhu/.rbenv/versions/jruby-1.7.3/lib/ruby/gems/shared/specifications/transaction-simple-1.4.0.2.gemspec
I, [2014-01-03T18:03:09.380000 #48318]  INFO -- : 0:  pdf-writer (1.1.8) from /Users/elhu/.rbenv/versions/jruby-1.7.3/lib/ruby/gems/shared/specifications/pdf-writer-1.1.8.gemspec
I, [2014-01-03T18:03:09.387000 #48318]  INFO -- : 0:  rspec-core (2.14.7) from /Users/elhu/.rbenv/versions/jruby-1.7.3/lib/ruby/gems/shared/specifications/rspec-core-2.14.7.gemspec
I, [2014-01-03T18:03:09.394000 #48318]  INFO -- : 0:  rspec-expectations (2.14.4) from /Users/elhu/.rbenv/versions/jruby-1.7.3/lib/ruby/gems/shared/specifications/rspec-expectations-2.14.4.gemspec
I, [2014-01-03T18:03:09.402000 #48318]  INFO -- : 0:  rspec-mocks (2.14.4) from /Users/elhu/.rbenv/versions/jruby-1.7.3/lib/ruby/gems/shared/specifications/rspec-mocks-2.14.4.gemspec
I, [2014-01-03T18:03:09.412000 #48318]  INFO -- : 0:  rspec (2.14.0) from /Users/elhu/.rbenv/versions/jruby-1.7.3/lib/ruby/gems/shared/specifications/rspec-2.14.0.gemspec
I, [2014-01-03T18:03:09.422000 #48318]  INFO -- : 0:  ruport (1.6.3) from /Users/elhu/.rbenv/versions/jruby-1.7.3/lib/ruby/gems/shared/specifications/ruport-1.6.3.gemspec
I, [2014-01-03T18:03:09.431000 #48318]  INFO -- : 0:  shoulda-context (1.1.6) from /Users/elhu/.rbenv/versions/jruby-1.7.3/lib/ruby/gems/shared/specifications/shoulda-context-1.1.6.gemspec
I, [2014-01-03T18:03:09.441000 #48318]  INFO -- : 0:  shoulda-matchers (2.4.0) from /Users/elhu/.rbenv/versions/jruby-1.7.3/lib/ruby/gems/shared/specifications/shoulda-matchers-2.4.0.gemspec
I, [2014-01-03T18:03:09.454000 #48318]  INFO -- : 0:  shoulda (3.5.0) from /Users/elhu/.rbenv/versions/jruby-1.7.3/lib/ruby/gems/shared/specifications/shoulda-3.5.0.gemspec
I, [2014-01-03T18:03:09.471000 #48318]  INFO -- : 0:  simplecov-html (0.8.0) from /Users/elhu/.rbenv/versions/jruby-1.7.3/lib/ruby/gems/shared/specifications/simplecov-html-0.8.0.gemspec
I, [2014-01-03T18:03:09.480000 #48318]  INFO -- : 0:  simplecov (0.8.2) from /Users/elhu/.rbenv/versions/jruby-1.7.3/lib/ruby/gems/shared/specifications/simplecov-0.8.2.gemspec
I, [2014-01-03T18:03:09.498000 #48318]  INFO -- : 0:  test-unit (2.5.5) from /Users/elhu/.rbenv/versions/jruby-1.7.3/lib/ruby/gems/shared/specifications/test-unit-2.5.5.gemspec
I, [2014-01-03T18:32:39.032000 #51073]  INFO -- : 0:  rake (10.1.0) from /Users/elhu/.rbenv/versions/jruby-1.7.9/lib/ruby/gems/shared/specifications/rake-10.1.0.gemspec
I, [2014-01-03T18:32:40.699000 #51073]  INFO -- : 0:  i18n (0.6.9) from /Users/elhu/.rbenv/versions/jruby-1.7.9/lib/ruby/gems/shared/specifications/i18n-0.6.9.gemspec
I, [2014-01-03T18:32:42.310000 #51073]  INFO -- : 0:  minitest (4.7.5) from /Users/elhu/.rbenv/versions/jruby-1.7.9/lib/ruby/gems/shared/specifications/minitest-4.7.5.gemspec
I, [2014-01-03T18:32:43.243000 #51073]  INFO -- : 0:  multi_json (1.8.2) from /Users/elhu/.rbenv/versions/jruby-1.7.9/lib/ruby/gems/shared/specifications/multi_json-1.8.2.gemspec
I, [2014-01-03T18:32:44.197000 #51073]  INFO -- : 0:  atomic (1.1.14) from /Users/elhu/.rbenv/versions/jruby-1.7.9/lib/ruby/gems/shared/specifications/atomic-1.1.14-java.gemspec
I, [2014-01-03T18:32:45.908000 #51073]  INFO -- : 0:  thread_safe (0.1.3) from /Users/elhu/.rbenv/versions/jruby-1.7.9/lib/ruby/gems/shared/specifications/thread_safe-0.1.3-java.gemspec
I, [2014-01-03T18:32:51.918000 #51073]  INFO -- : 0:  tzinfo (0.3.38) from /Users/elhu/.rbenv/versions/jruby-1.7.9/lib/ruby/gems/shared/specifications/tzinfo-0.3.38.gemspec
I, [2014-01-03T18:32:54.975000 #51073]  INFO -- : 0:  activesupport (4.0.2) from /Users/elhu/.rbenv/versions/jruby-1.7.9/lib/ruby/gems/shared/specifications/activesupport-4.0.2.gemspec
I, [2014-01-03T18:32:56.115000 #51073]  INFO -- : 0:  addressable (2.3.5) from /Users/elhu/.rbenv/versions/jruby-1.7.9/lib/ruby/gems/shared/specifications/addressable-2.3.5.gemspec
I, [2014-01-03T18:32:59.896000 #51073]  INFO -- : 0:  backports (3.4.0) from /Users/elhu/.rbenv/versions/jruby-1.7.9/lib/ruby/gems/shared/specifications/backports-3.4.0.gemspec
I, [2014-01-03T18:33:06.690000 #51073]  INFO -- : 0:  bio (1.4.3.0001) from /Users/elhu/.rbenv/versions/jruby-1.7.9/lib/ruby/gems/shared/specifications/bio-1.4.3.0001.gemspec
I, [2014-01-03T18:33:07.670000 #51073]  INFO -- : 0:  builder (3.2.2) from /Users/elhu/.rbenv/versions/jruby-1.7.9/lib/ruby/gems/shared/specifications/builder-3.2.2.gemspec
I, [2014-01-03T18:33:08.667000 #51073]  INFO -- : 0:  color (1.4.2) from /Users/elhu/.rbenv/versions/jruby-1.7.9/lib/ruby/gems/shared/specifications/color-1.4.2.gemspec
I, [2014-01-03T18:33:09.888000 #51073]  INFO -- : 0:  diff-lcs (1.2.5) from /Users/elhu/.rbenv/versions/jruby-1.7.9/lib/ruby/gems/shared/specifications/diff-lcs-1.2.5.gemspec
I, [2014-01-03T18:33:13.101000 #51073]  INFO -- : 0:  gherkin (2.12.2) from /Users/elhu/.rbenv/versions/jruby-1.7.9/lib/ruby/gems/shared/specifications/gherkin-2.12.2-java.gemspec
I, [2014-01-03T18:33:14.110000 #51073]  INFO -- : 0:  multi_test (0.0.3) from /Users/elhu/.rbenv/versions/jruby-1.7.9/lib/ruby/gems/shared/specifications/multi_test-0.0.3.gemspec
I, [2014-01-03T18:33:18.498000 #51073]  INFO -- : 0:  cucumber (1.3.10) from /Users/elhu/.rbenv/versions/jruby-1.7.9/lib/ruby/gems/shared/specifications/cucumber-1.3.10.gemspec
I, [2014-01-03T18:33:19.247000 #51073]  INFO -- : 0:  descendants_tracker (0.0.3) from /Users/elhu/.rbenv/versions/jruby-1.7.9/lib/ruby/gems/shared/specifications/descendants_tracker-0.0.3.gemspec
I, [2014-01-03T18:33:19.990000 #51073]  INFO -- : 0:  docile (1.1.1) from /Users/elhu/.rbenv/versions/jruby-1.7.9/lib/ruby/gems/shared/specifications/docile-1.1.1.gemspec
I, [2014-01-03T18:33:20.729000 #51073]  INFO -- : 0:  multipart-post (1.2.0) from /Users/elhu/.rbenv/versions/jruby-1.7.9/lib/ruby/gems/shared/specifications/multipart-post-1.2.0.gemspec
I, [2014-01-03T18:33:22.019000 #51073]  INFO -- : 0:  faraday (0.8.8) from /Users/elhu/.rbenv/versions/jruby-1.7.9/lib/ruby/gems/shared/specifications/faraday-0.8.8.gemspec
I, [2014-01-03T18:33:23.250000 #51073]  INFO -- : 0:  fastercsv (1.5.5) from /Users/elhu/.rbenv/versions/jruby-1.7.9/lib/ruby/gems/shared/specifications/fastercsv-1.5.5.gemspec
I, [2014-01-03T18:33:24.056000 #51073]  INFO -- : 0:  git (1.2.6) from /Users/elhu/.rbenv/versions/jruby-1.7.9/lib/ruby/gems/shared/specifications/git-1.2.6.gemspec
I, [2014-01-03T18:33:25.061000 #51073]  INFO -- : 0:  hashie (2.0.4) from /Users/elhu/.rbenv/versions/jruby-1.7.9/lib/ruby/gems/shared/specifications/hashie-2.0.4.gemspec
I, [2014-01-03T18:33:29.510000 #51073]  INFO -- : 0:  nokogiri (1.5.10) from /Users/elhu/.rbenv/versions/jruby-1.7.9/lib/ruby/gems/shared/specifications/nokogiri-1.5.10-java.gemspec
I, [2014-01-03T18:33:31.129000 #51073]  INFO -- : 0:  httpauth (0.2.0) from /Users/elhu/.rbenv/versions/jruby-1.7.9/lib/ruby/gems/shared/specifications/httpauth-0.2.0.gemspec
I, [2014-01-03T18:33:31.795000 #51073]  INFO -- : 0:  jwt (0.1.8) from /Users/elhu/.rbenv/versions/jruby-1.7.9/lib/ruby/gems/shared/specifications/jwt-0.1.8.gemspec
I, [2014-01-03T18:33:32.540000 #51073]  INFO -- : 0:  multi_xml (0.5.5) from /Users/elhu/.rbenv/versions/jruby-1.7.9/lib/ruby/gems/shared/specifications/multi_xml-0.5.5.gemspec
I, [2014-01-03T18:33:34.617000 #51073]  INFO -- : 0:  rack (1.5.1) from /Users/elhu/.rbenv/versions/jruby-1.7.9/lib/ruby/gems/shared/specifications/rack-1.5.1.gemspec
I, [2014-01-03T18:33:35.918000 #51073]  INFO -- : 0:  oauth2 (0.9.2) from /Users/elhu/.rbenv/versions/jruby-1.7.9/lib/ruby/gems/shared/specifications/oauth2-0.9.2.gemspec
I, [2014-01-03T18:33:41.096000 #51073]  INFO -- : 0:  github_api (0.10.1) from /Users/elhu/.rbenv/versions/jruby-1.7.9/lib/ruby/gems/shared/specifications/github_api-0.10.1.gemspec
I, [2014-01-03T18:33:42.391000 #51073]  INFO -- : 0:  highline (1.6.20) from /Users/elhu/.rbenv/versions/jruby-1.7.9/lib/ruby/gems/shared/specifications/highline-1.6.20.gemspec
I, [2014-01-03T18:33:42.395000 #51073]  INFO -- : 0:  bundler (1.5.1) from /Users/elhu/.rbenv/versions/jruby-1.7.9/lib/ruby/gems/shared/specifications/bundler-1.5.1.gemspec
I, [2014-01-03T18:33:44.779000 #51073]  INFO -- : 0:  virtus (0.5.5) from /Users/elhu/.rbenv/versions/jruby-1.7.9/lib/ruby/gems/shared/specifications/virtus-0.5.5.gemspec
I, [2014-01-03T18:33:45.933000 #51073]  INFO -- : 0:  maven-tools (0.34.2) from /Users/elhu/.rbenv/versions/jruby-1.7.9/lib/ruby/gems/shared/specifications/maven-tools-0.34.2.gemspec
I, [2014-01-03T18:33:51.647000 #51073]  INFO -- : 0:  ruby-maven-libs (3.1.1) from /Users/elhu/.rbenv/versions/jruby-1.7.9/lib/ruby/gems/shared/specifications/ruby-maven-libs-3.1.1.gemspec
I, [2014-01-03T18:33:52.948000 #51073]  INFO -- : 0:  ruby-maven (3.1.1.0.1) from /Users/elhu/.rbenv/versions/jruby-1.7.9/lib/ruby/gems/shared/specifications/ruby-maven-3.1.1.0.1.gemspec
I, [2014-01-03T18:33:53.961000 #51073]  INFO -- : 0:  jbundler (0.5.4) from /Users/elhu/.rbenv/versions/jruby-1.7.9/lib/ruby/gems/shared/specifications/jbundler-0.5.4.gemspec
I, [2014-01-03T18:33:55.167000 #51073]  INFO -- : 0:  json (1.8.1) from /Users/elhu/.rbenv/versions/jruby-1.7.9/lib/ruby/gems/shared/specifications/json-1.8.1-java.gemspec
I, [2014-01-03T18:33:57.563000 #51073]  INFO -- : 0:  rdoc (3.12.2) from /Users/elhu/.rbenv/versions/jruby-1.7.9/lib/ruby/gems/shared/specifications/rdoc-3.12.2.gemspec
I, [2014-01-03T18:33:59.352000 #51073]  INFO -- : 0:  jeweler (1.8.8) from /Users/elhu/.rbenv/versions/jruby-1.7.9/lib/ruby/gems/shared/specifications/jeweler-1.8.8.gemspec
I, [2014-01-03T18:34:04.132000 #51073]  INFO -- : 0:  transaction-simple (1.4.0.2) from /Users/elhu/.rbenv/versions/jruby-1.7.9/lib/ruby/gems/shared/specifications/transaction-simple-1.4.0.2.gemspec
I, [2014-01-03T18:34:06.325000 #51073]  INFO -- : 0:  pdf-writer (1.1.8) from /Users/elhu/.rbenv/versions/jruby-1.7.9/lib/ruby/gems/shared/specifications/pdf-writer-1.1.8.gemspec
I, [2014-01-03T18:34:08.422000 #51073]  INFO -- : 0:  rspec-core (2.14.7) from /Users/elhu/.rbenv/versions/jruby-1.7.9/lib/ruby/gems/shared/specifications/rspec-core-2.14.7.gemspec
I, [2014-01-03T18:34:10.479000 #51073]  INFO -- : 0:  rspec-expectations (2.14.4) from /Users/elhu/.rbenv/versions/jruby-1.7.9/lib/ruby/gems/shared/specifications/rspec-expectations-2.14.4.gemspec
I, [2014-01-03T18:34:12.471000 #51073]  INFO -- : 0:  rspec-mocks (2.14.4) from /Users/elhu/.rbenv/versions/jruby-1.7.9/lib/ruby/gems/shared/specifications/rspec-mocks-2.14.4.gemspec
I, [2014-01-03T18:34:13.118000 #51073]  INFO -- : 0:  rspec (2.14.0) from /Users/elhu/.rbenv/versions/jruby-1.7.9/lib/ruby/gems/shared/specifications/rspec-2.14.0.gemspec
I, [2014-01-03T18:34:14.673000 #51073]  INFO -- : 0:  ruport (1.6.3) from /Users/elhu/.rbenv/versions/jruby-1.7.9/lib/ruby/gems/shared/specifications/ruport-1.6.3.gemspec
I, [2014-01-03T18:34:15.627000 #51073]  INFO -- : 0:  shoulda-context (1.1.6) from /Users/elhu/.rbenv/versions/jruby-1.7.9/lib/ruby/gems/shared/specifications/shoulda-context-1.1.6.gemspec
I, [2014-01-03T18:34:16.995000 #51073]  INFO -- : 0:  shoulda-matchers (2.4.0) from /Users/elhu/.rbenv/versions/jruby-1.7.9/lib/ruby/gems/shared/specifications/shoulda-matchers-2.4.0.gemspec
I, [2014-01-03T18:34:17.741000 #51073]  INFO -- : 0:  shoulda (3.5.0) from /Users/elhu/.rbenv/versions/jruby-1.7.9/lib/ruby/gems/shared/specifications/shoulda-3.5.0.gemspec
I, [2014-01-03T18:34:18.990000 #51073]  INFO -- : 0:  simplecov-html (0.8.0) from /Users/elhu/.rbenv/versions/jruby-1.7.9/lib/ruby/gems/shared/specifications/simplecov-html-0.8.0.gemspec
I, [2014-01-03T18:34:20.825000 #51073]  INFO -- : 0:  simplecov (0.8.2) from /Users/elhu/.rbenv/versions/jruby-1.7.9/lib/ruby/gems/shared/specifications/simplecov-0.8.2.gemspec
I, [2014-01-03T18:34:22.505000 #51073]  INFO -- : 0:  test-unit (2.5.5) from /Users/elhu/.rbenv/versions/jruby-1.7.9/lib/ruby/gems/shared/specifications/test-unit-2.5.5.gemspec
I, [2014-01-06T10:24:49.751000 #84349]  INFO -- : 0:  rake (10.1.0) from /Users/elhu/.rbenv/versions/jruby-1.7.9/lib/ruby/gems/shared/specifications/rake-10.1.0.gemspec
I, [2014-01-06T10:24:49.789000 #84349]  INFO -- : 0:  i18n (0.6.9) from /Users/elhu/.rbenv/versions/jruby-1.7.9/lib/ruby/gems/shared/specifications/i18n-0.6.9.gemspec
I, [2014-01-06T10:24:49.805000 #84349]  INFO -- : 0:  minitest (4.7.5) from /Users/elhu/.rbenv/versions/jruby-1.7.9/lib/ruby/gems/shared/specifications/minitest-4.7.5.gemspec
I, [2014-01-06T10:24:49.817000 #84349]  INFO -- : 0:  multi_json (1.8.2) from /Users/elhu/.rbenv/versions/jruby-1.7.9/lib/ruby/gems/shared/specifications/multi_json-1.8.2.gemspec
I, [2014-01-06T10:24:49.828000 #84349]  INFO -- : 0:  atomic (1.1.14) from /Users/elhu/.rbenv/versions/jruby-1.7.9/lib/ruby/gems/shared/specifications/atomic-1.1.14-java.gemspec
I, [2014-01-06T10:24:49.839000 #84349]  INFO -- : 0:  thread_safe (0.1.3) from /Users/elhu/.rbenv/versions/jruby-1.7.9/lib/ruby/gems/shared/specifications/thread_safe-0.1.3-java.gemspec
I, [2014-01-06T10:24:49.851000 #84349]  INFO -- : 0:  tzinfo (0.3.38) from /Users/elhu/.rbenv/versions/jruby-1.7.9/lib/ruby/gems/shared/specifications/tzinfo-0.3.38.gemspec
I, [2014-01-06T10:24:49.866000 #84349]  INFO -- : 0:  activesupport (4.0.2) from /Users/elhu/.rbenv/versions/jruby-1.7.9/lib/ruby/gems/shared/specifications/activesupport-4.0.2.gemspec
I, [2014-01-06T10:24:49.877000 #84349]  INFO -- : 0:  addressable (2.3.5) from /Users/elhu/.rbenv/versions/jruby-1.7.9/lib/ruby/gems/shared/specifications/addressable-2.3.5.gemspec
I, [2014-01-06T10:24:49.886000 #84349]  INFO -- : 0:  backports (3.4.0) from /Users/elhu/.rbenv/versions/jruby-1.7.9/lib/ruby/gems/shared/specifications/backports-3.4.0.gemspec
I, [2014-01-06T10:24:49.896000 #84349]  INFO -- : 0:  bio (1.4.3.0001) from /Users/elhu/.rbenv/versions/jruby-1.7.9/lib/ruby/gems/shared/specifications/bio-1.4.3.0001.gemspec
I, [2014-01-06T10:24:49.911000 #84349]  INFO -- : 0:  builder (3.2.2) from /Users/elhu/.rbenv/versions/jruby-1.7.9/lib/ruby/gems/shared/specifications/builder-3.2.2.gemspec
I, [2014-01-06T10:24:49.924000 #84349]  INFO -- : 0:  color (1.4.2) from /Users/elhu/.rbenv/versions/jruby-1.7.9/lib/ruby/gems/shared/specifications/color-1.4.2.gemspec
I, [2014-01-06T10:24:49.940000 #84349]  INFO -- : 0:  diff-lcs (1.2.5) from /Users/elhu/.rbenv/versions/jruby-1.7.9/lib/ruby/gems/shared/specifications/diff-lcs-1.2.5.gemspec
I, [2014-01-06T10:24:49.952000 #84349]  INFO -- : 0:  gherkin (2.12.2) from /Users/elhu/.rbenv/versions/jruby-1.7.9/lib/ruby/gems/shared/specifications/gherkin-2.12.2-java.gemspec
I, [2014-01-06T10:24:49.961000 #84349]  INFO -- : 0:  multi_test (0.0.3) from /Users/elhu/.rbenv/versions/jruby-1.7.9/lib/ruby/gems/shared/specifications/multi_test-0.0.3.gemspec
I, [2014-01-06T10:24:49.978000 #84349]  INFO -- : 0:  cucumber (1.3.10) from /Users/elhu/.rbenv/versions/jruby-1.7.9/lib/ruby/gems/shared/specifications/cucumber-1.3.10.gemspec
I, [2014-01-06T10:24:49.988000 #84349]  INFO -- : 0:  descendants_tracker (0.0.3) from /Users/elhu/.rbenv/versions/jruby-1.7.9/lib/ruby/gems/shared/specifications/descendants_tracker-0.0.3.gemspec
I, [2014-01-06T10:24:49.997000 #84349]  INFO -- : 0:  docile (1.1.1) from /Users/elhu/.rbenv/versions/jruby-1.7.9/lib/ruby/gems/shared/specifications/docile-1.1.1.gemspec
I, [2014-01-06T10:24:50.008000 #84349]  INFO -- : 0:  multipart-post (1.2.0) from /Users/elhu/.rbenv/versions/jruby-1.7.9/lib/ruby/gems/shared/specifications/multipart-post-1.2.0.gemspec
I, [2014-01-06T10:24:50.021000 #84349]  INFO -- : 0:  faraday (0.8.8) from /Users/elhu/.rbenv/versions/jruby-1.7.9/lib/ruby/gems/shared/specifications/faraday-0.8.8.gemspec
I, [2014-01-06T10:24:50.031000 #84349]  INFO -- : 0:  fastercsv (1.5.5) from /Users/elhu/.rbenv/versions/jruby-1.7.9/lib/ruby/gems/shared/specifications/fastercsv-1.5.5.gemspec
I, [2014-01-06T10:24:50.053000 #84349]  INFO -- : 0:  git (1.2.6) from /Users/elhu/.rbenv/versions/jruby-1.7.9/lib/ruby/gems/shared/specifications/git-1.2.6.gemspec
I, [2014-01-06T10:24:50.062000 #84349]  INFO -- : 0:  hashie (2.0.4) from /Users/elhu/.rbenv/versions/jruby-1.7.9/lib/ruby/gems/shared/specifications/hashie-2.0.4.gemspec
I, [2014-01-06T10:24:50.077000 #84349]  INFO -- : 0:  nokogiri (1.5.10) from /Users/elhu/.rbenv/versions/jruby-1.7.9/lib/ruby/gems/shared/specifications/nokogiri-1.5.10-java.gemspec
I, [2014-01-06T10:24:50.094000 #84349]  INFO -- : 0:  httpauth (0.2.0) from /Users/elhu/.rbenv/versions/jruby-1.7.9/lib/ruby/gems/shared/specifications/httpauth-0.2.0.gemspec
I, [2014-01-06T10:24:50.106000 #84349]  INFO -- : 0:  jwt (0.1.8) from /Users/elhu/.rbenv/versions/jruby-1.7.9/lib/ruby/gems/shared/specifications/jwt-0.1.8.gemspec
I, [2014-01-06T10:24:50.126000 #84349]  INFO -- : 0:  multi_xml (0.5.5) from /Users/elhu/.rbenv/versions/jruby-1.7.9/lib/ruby/gems/shared/specifications/multi_xml-0.5.5.gemspec
I, [2014-01-06T10:24:50.139000 #84349]  INFO -- : 0:  rack (1.5.1) from /Users/elhu/.rbenv/versions/jruby-1.7.9/lib/ruby/gems/shared/specifications/rack-1.5.1.gemspec
I, [2014-01-06T10:24:50.155000 #84349]  INFO -- : 0:  oauth2 (0.9.2) from /Users/elhu/.rbenv/versions/jruby-1.7.9/lib/ruby/gems/shared/specifications/oauth2-0.9.2.gemspec
I, [2014-01-06T10:24:50.168000 #84349]  INFO -- : 0:  github_api (0.10.1) from /Users/elhu/.rbenv/versions/jruby-1.7.9/lib/ruby/gems/shared/specifications/github_api-0.10.1.gemspec
I, [2014-01-06T10:24:50.184000 #84349]  INFO -- : 0:  highline (1.6.20) from /Users/elhu/.rbenv/versions/jruby-1.7.9/lib/ruby/gems/shared/specifications/highline-1.6.20.gemspec
I, [2014-01-06T10:24:50.203000 #84349]  INFO -- : 0:  bundler (1.5.1) from /Users/elhu/.rbenv/versions/jruby-1.7.9/lib/ruby/gems/shared/specifications/bundler-1.5.1.gemspec
I, [2014-01-06T10:24:50.223000 #84349]  INFO -- : 0:  virtus (0.5.5) from /Users/elhu/.rbenv/versions/jruby-1.7.9/lib/ruby/gems/shared/specifications/virtus-0.5.5.gemspec
I, [2014-01-06T10:24:50.235000 #84349]  INFO -- : 0:  maven-tools (0.34.2) from /Users/elhu/.rbenv/versions/jruby-1.7.9/lib/ruby/gems/shared/specifications/maven-tools-0.34.2.gemspec
I, [2014-01-06T10:24:50.254000 #84349]  INFO -- : 0:  ruby-maven-libs (3.1.1) from /Users/elhu/.rbenv/versions/jruby-1.7.9/lib/ruby/gems/shared/specifications/ruby-maven-libs-3.1.1.gemspec
I, [2014-01-06T10:24:50.266000 #84349]  INFO -- : 0:  ruby-maven (3.1.1.0.1) from /Users/elhu/.rbenv/versions/jruby-1.7.9/lib/ruby/gems/shared/specifications/ruby-maven-3.1.1.0.1.gemspec
I, [2014-01-06T10:24:50.280000 #84349]  INFO -- : 0:  jbundler (0.5.4) from /Users/elhu/.rbenv/versions/jruby-1.7.9/lib/ruby/gems/shared/specifications/jbundler-0.5.4.gemspec
I, [2014-01-06T10:24:50.290000 #84349]  INFO -- : 0:  json (1.8.1) from /Users/elhu/.rbenv/versions/jruby-1.7.9/lib/ruby/gems/shared/specifications/json-1.8.1-java.gemspec
I, [2014-01-06T10:24:50.299000 #84349]  INFO -- : 0:  rdoc (3.12.2) from /Users/elhu/.rbenv/versions/jruby-1.7.9/lib/ruby/gems/shared/specifications/rdoc-3.12.2.gemspec
I, [2014-01-06T10:24:50.307000 #84349]  INFO -- : 0:  jeweler (1.8.8) from /Users/elhu/.rbenv/versions/jruby-1.7.9/lib/ruby/gems/shared/specifications/jeweler-1.8.8.gemspec
I, [2014-01-06T10:24:50.319000 #84349]  INFO -- : 0:  transaction-simple (1.4.0.2) from /Users/elhu/.rbenv/versions/jruby-1.7.9/lib/ruby/gems/shared/specifications/transaction-simple-1.4.0.2.gemspec
I, [2014-01-06T10:24:50.330000 #84349]  INFO -- : 0:  pdf-writer (1.1.8) from /Users/elhu/.rbenv/versions/jruby-1.7.9/lib/ruby/gems/shared/specifications/pdf-writer-1.1.8.gemspec
I, [2014-01-06T10:24:50.341000 #84349]  INFO -- : 0:  rspec-core (2.14.7) from /Users/elhu/.rbenv/versions/jruby-1.7.9/lib/ruby/gems/shared/specifications/rspec-core-2.14.7.gemspec
I, [2014-01-06T10:24:50.351000 #84349]  INFO -- : 0:  rspec-expectations (2.14.4) from /Users/elhu/.rbenv/versions/jruby-1.7.9/lib/ruby/gems/shared/specifications/rspec-expectations-2.14.4.gemspec
I, [2014-01-06T10:24:50.361000 #84349]  INFO -- : 0:  rspec-mocks (2.14.4) from /Users/elhu/.rbenv/versions/jruby-1.7.9/lib/ruby/gems/shared/specifications/rspec-mocks-2.14.4.gemspec
I, [2014-01-06T10:24:50.370000 #84349]  INFO -- : 0:  rspec (2.14.0) from /Users/elhu/.rbenv/versions/jruby-1.7.9/lib/ruby/gems/shared/specifications/rspec-2.14.0.gemspec
I, [2014-01-06T10:24:50.381000 #84349]  INFO -- : 0:  ruport (1.6.3) from /Users/elhu/.rbenv/versions/jruby-1.7.9/lib/ruby/gems/shared/specifications/ruport-1.6.3.gemspec
I, [2014-01-06T10:24:50.394000 #84349]  INFO -- : 0:  shoulda-context (1.1.6) from /Users/elhu/.rbenv/versions/jruby-1.7.9/lib/ruby/gems/shared/specifications/shoulda-context-1.1.6.gemspec
I, [2014-01-06T10:24:50.408000 #84349]  INFO -- : 0:  shoulda-matchers (2.4.0) from /Users/elhu/.rbenv/versions/jruby-1.7.9/lib/ruby/gems/shared/specifications/shoulda-matchers-2.4.0.gemspec
I, [2014-01-06T10:24:50.469000 #84349]  INFO -- : 0:  shoulda (3.5.0) from /Users/elhu/.rbenv/versions/jruby-1.7.9/lib/ruby/gems/shared/specifications/shoulda-3.5.0.gemspec
I, [2014-01-06T10:24:50.544000 #84349]  INFO -- : 0:  simplecov-html (0.8.0) from /Users/elhu/.rbenv/versions/jruby-1.7.9/lib/ruby/gems/shared/specifications/simplecov-html-0.8.0.gemspec
I, [2014-01-06T10:24:50.559000 #84349]  INFO -- : 0:  simplecov (0.8.2) from /Users/elhu/.rbenv/versions/jruby-1.7.9/lib/ruby/gems/shared/specifications/simplecov-0.8.2.gemspec
I, [2014-01-06T10:24:50.572000 #84349]  INFO -- : 0:  test-unit (2.5.5) from /Users/elhu/.rbenv/versions/jruby-1.7.9/lib/ruby/gems/shared/specifications/test-unit-2.5.5.gemspec
I, [2014-01-06T10:25:16.986000 #84390]  INFO -- : 0:  rake (10.1.0) from /Users/elhu/.rbenv/versions/jruby-1.7.9/lib/ruby/gems/shared/specifications/rake-10.1.0.gemspec
I, [2014-01-06T10:25:17.016000 #84390]  INFO -- : 0:  i18n (0.6.9) from /Users/elhu/.rbenv/versions/jruby-1.7.9/lib/ruby/gems/shared/specifications/i18n-0.6.9.gemspec
I, [2014-01-06T10:25:17.029000 #84390]  INFO -- : 0:  minitest (4.7.5) from /Users/elhu/.rbenv/versions/jruby-1.7.9/lib/ruby/gems/shared/specifications/minitest-4.7.5.gemspec
I, [2014-01-06T10:25:17.038000 #84390]  INFO -- : 0:  multi_json (1.8.2) from /Users/elhu/.rbenv/versions/jruby-1.7.9/lib/ruby/gems/shared/specifications/multi_json-1.8.2.gemspec
I, [2014-01-06T10:25:17.046000 #84390]  INFO -- : 0:  atomic (1.1.14) from /Users/elhu/.rbenv/versions/jruby-1.7.9/lib/ruby/gems/shared/specifications/atomic-1.1.14-java.gemspec
I, [2014-01-06T10:25:17.057000 #84390]  INFO -- : 0:  thread_safe (0.1.3) from /Users/elhu/.rbenv/versions/jruby-1.7.9/lib/ruby/gems/shared/specifications/thread_safe-0.1.3-java.gemspec
I, [2014-01-06T10:25:17.071000 #84390]  INFO -- : 0:  tzinfo (0.3.38) from /Users/elhu/.rbenv/versions/jruby-1.7.9/lib/ruby/gems/shared/specifications/tzinfo-0.3.38.gemspec
I, [2014-01-06T10:25:17.084000 #84390]  INFO -- : 0:  activesupport (4.0.2) from /Users/elhu/.rbenv/versions/jruby-1.7.9/lib/ruby/gems/shared/specifications/activesupport-4.0.2.gemspec
I, [2014-01-06T10:25:17.098000 #84390]  INFO -- : 0:  addressable (2.3.5) from /Users/elhu/.rbenv/versions/jruby-1.7.9/lib/ruby/gems/shared/specifications/addressable-2.3.5.gemspec
I, [2014-01-06T10:25:17.115000 #84390]  INFO -- : 0:  backports (3.4.0) from /Users/elhu/.rbenv/versions/jruby-1.7.9/lib/ruby/gems/shared/specifications/backports-3.4.0.gemspec
I, [2014-01-06T10:25:17.131000 #84390]  INFO -- : 0:  bio (1.4.3.0001) from /Users/elhu/.rbenv/versions/jruby-1.7.9/lib/ruby/gems/shared/specifications/bio-1.4.3.0001.gemspec
I, [2014-01-06T10:25:17.143000 #84390]  INFO -- : 0:  builder (3.2.2) from /Users/elhu/.rbenv/versions/jruby-1.7.9/lib/ruby/gems/shared/specifications/builder-3.2.2.gemspec
I, [2014-01-06T10:25:17.154000 #84390]  INFO -- : 0:  color (1.4.2) from /Users/elhu/.rbenv/versions/jruby-1.7.9/lib/ruby/gems/shared/specifications/color-1.4.2.gemspec
I, [2014-01-06T10:25:17.171000 #84390]  INFO -- : 0:  diff-lcs (1.2.5) from /Users/elhu/.rbenv/versions/jruby-1.7.9/lib/ruby/gems/shared/specifications/diff-lcs-1.2.5.gemspec
I, [2014-01-06T10:25:17.189000 #84390]  INFO -- : 0:  gherkin (2.12.2) from /Users/elhu/.rbenv/versions/jruby-1.7.9/lib/ruby/gems/shared/specifications/gherkin-2.12.2-java.gemspec
I, [2014-01-06T10:25:17.200000 #84390]  INFO -- : 0:  multi_test (0.0.3) from /Users/elhu/.rbenv/versions/jruby-1.7.9/lib/ruby/gems/shared/specifications/multi_test-0.0.3.gemspec
I, [2014-01-06T10:25:17.217000 #84390]  INFO -- : 0:  cucumber (1.3.10) from /Users/elhu/.rbenv/versions/jruby-1.7.9/lib/ruby/gems/shared/specifications/cucumber-1.3.10.gemspec
I, [2014-01-06T10:25:17.231000 #84390]  INFO -- : 0:  descendants_tracker (0.0.3) from /Users/elhu/.rbenv/versions/jruby-1.7.9/lib/ruby/gems/shared/specifications/descendants_tracker-0.0.3.gemspec
I, [2014-01-06T10:25:17.278000 #84390]  INFO -- : 0:  docile (1.1.1) from /Users/elhu/.rbenv/versions/jruby-1.7.9/lib/ruby/gems/shared/specifications/docile-1.1.1.gemspec
I, [2014-01-06T10:25:17.291000 #84390]  INFO -- : 0:  multipart-post (1.2.0) from /Users/elhu/.rbenv/versions/jruby-1.7.9/lib/ruby/gems/shared/specifications/multipart-post-1.2.0.gemspec
I, [2014-01-06T10:25:17.313000 #84390]  INFO -- : 0:  faraday (0.8.8) from /Users/elhu/.rbenv/versions/jruby-1.7.9/lib/ruby/gems/shared/specifications/faraday-0.8.8.gemspec
I, [2014-01-06T10:25:17.332000 #84390]  INFO -- : 0:  fastercsv (1.5.5) from /Users/elhu/.rbenv/versions/jruby-1.7.9/lib/ruby/gems/shared/specifications/fastercsv-1.5.5.gemspec
I, [2014-01-06T10:25:17.345000 #84390]  INFO -- : 0:  git (1.2.6) from /Users/elhu/.rbenv/versions/jruby-1.7.9/lib/ruby/gems/shared/specifications/git-1.2.6.gemspec
I, [2014-01-06T10:25:17.366000 #84390]  INFO -- : 0:  hashie (2.0.4) from /Users/elhu/.rbenv/versions/jruby-1.7.9/lib/ruby/gems/shared/specifications/hashie-2.0.4.gemspec
I, [2014-01-06T10:25:17.391000 #84390]  INFO -- : 0:  nokogiri (1.5.10) from /Users/elhu/.rbenv/versions/jruby-1.7.9/lib/ruby/gems/shared/specifications/nokogiri-1.5.10-java.gemspec
I, [2014-01-06T10:25:17.411000 #84390]  INFO -- : 0:  httpauth (0.2.0) from /Users/elhu/.rbenv/versions/jruby-1.7.9/lib/ruby/gems/shared/specifications/httpauth-0.2.0.gemspec
I, [2014-01-06T10:25:17.436000 #84390]  INFO -- : 0:  jwt (0.1.8) from /Users/elhu/.rbenv/versions/jruby-1.7.9/lib/ruby/gems/shared/specifications/jwt-0.1.8.gemspec
I, [2014-01-06T10:25:17.454000 #84390]  INFO -- : 0:  multi_xml (0.5.5) from /Users/elhu/.rbenv/versions/jruby-1.7.9/lib/ruby/gems/shared/specifications/multi_xml-0.5.5.gemspec
I, [2014-01-06T10:25:17.465000 #84390]  INFO -- : 0:  rack (1.5.1) from /Users/elhu/.rbenv/versions/jruby-1.7.9/lib/ruby/gems/shared/specifications/rack-1.5.1.gemspec
I, [2014-01-06T10:25:17.478000 #84390]  INFO -- : 0:  oauth2 (0.9.2) from /Users/elhu/.rbenv/versions/jruby-1.7.9/lib/ruby/gems/shared/specifications/oauth2-0.9.2.gemspec
I, [2014-01-06T10:25:17.493000 #84390]  INFO -- : 0:  github_api (0.10.1) from /Users/elhu/.rbenv/versions/jruby-1.7.9/lib/ruby/gems/shared/specifications/github_api-0.10.1.gemspec
I, [2014-01-06T10:25:17.509000 #84390]  INFO -- : 0:  highline (1.6.20) from /Users/elhu/.rbenv/versions/jruby-1.7.9/lib/ruby/gems/shared/specifications/highline-1.6.20.gemspec
I, [2014-01-06T10:25:17.523000 #84390]  INFO -- : 0:  bundler (1.5.1) from /Users/elhu/.rbenv/versions/jruby-1.7.9/lib/ruby/gems/shared/specifications/bundler-1.5.1.gemspec
I, [2014-01-06T10:25:17.538000 #84390]  INFO -- : 0:  virtus (0.5.5) from /Users/elhu/.rbenv/versions/jruby-1.7.9/lib/ruby/gems/shared/specifications/virtus-0.5.5.gemspec
I, [2014-01-06T10:25:17.550000 #84390]  INFO -- : 0:  maven-tools (0.34.2) from /Users/elhu/.rbenv/versions/jruby-1.7.9/lib/ruby/gems/shared/specifications/maven-tools-0.34.2.gemspec
I, [2014-01-06T10:25:17.565000 #84390]  INFO -- : 0:  ruby-maven-libs (3.1.1) from /Users/elhu/.rbenv/versions/jruby-1.7.9/lib/ruby/gems/shared/specifications/ruby-maven-libs-3.1.1.gemspec
I, [2014-01-06T10:25:17.579000 #84390]  INFO -- : 0:  ruby-maven (3.1.1.0.1) from /Users/elhu/.rbenv/versions/jruby-1.7.9/lib/ruby/gems/shared/specifications/ruby-maven-3.1.1.0.1.gemspec
I, [2014-01-06T10:25:17.589000 #84390]  INFO -- : 0:  jbundler (0.5.4) from /Users/elhu/.rbenv/versions/jruby-1.7.9/lib/ruby/gems/shared/specifications/jbundler-0.5.4.gemspec
I, [2014-01-06T10:25:17.602000 #84390]  INFO -- : 0:  json (1.8.1) from /Users/elhu/.rbenv/versions/jruby-1.7.9/lib/ruby/gems/shared/specifications/json-1.8.1-java.gemspec
I, [2014-01-06T10:25:17.616000 #84390]  INFO -- : 0:  rdoc (3.12.2) from /Users/elhu/.rbenv/versions/jruby-1.7.9/lib/ruby/gems/shared/specifications/rdoc-3.12.2.gemspec
I, [2014-01-06T10:25:17.628000 #84390]  INFO -- : 0:  jeweler (1.8.8) from /Users/elhu/.rbenv/versions/jruby-1.7.9/lib/ruby/gems/shared/specifications/jeweler-1.8.8.gemspec
I, [2014-01-06T10:25:17.646000 #84390]  INFO -- : 0:  transaction-simple (1.4.0.2) from /Users/elhu/.rbenv/versions/jruby-1.7.9/lib/ruby/gems/shared/specifications/transaction-simple-1.4.0.2.gemspec
I, [2014-01-06T10:25:17.658000 #84390]  INFO -- : 0:  pdf-writer (1.1.8) from /Users/elhu/.rbenv/versions/jruby-1.7.9/lib/ruby/gems/shared/specifications/pdf-writer-1.1.8.gemspec
I, [2014-01-06T10:25:17.666000 #84390]  INFO -- : 0:  rspec-core (2.14.7) from /Users/elhu/.rbenv/versions/jruby-1.7.9/lib/ruby/gems/shared/specifications/rspec-core-2.14.7.gemspec
I, [2014-01-06T10:25:17.678000 #84390]  INFO -- : 0:  rspec-expectations (2.14.4) from /Users/elhu/.rbenv/versions/jruby-1.7.9/lib/ruby/gems/shared/specifications/rspec-expectations-2.14.4.gemspec
I, [2014-01-06T10:25:17.688000 #84390]  INFO -- : 0:  rspec-mocks (2.14.4) from /Users/elhu/.rbenv/versions/jruby-1.7.9/lib/ruby/gems/shared/specifications/rspec-mocks-2.14.4.gemspec
I, [2014-01-06T10:25:17.699000 #84390]  INFO -- : 0:  rspec (2.14.0) from /Users/elhu/.rbenv/versions/jruby-1.7.9/lib/ruby/gems/shared/specifications/rspec-2.14.0.gemspec
I, [2014-01-06T10:25:17.723000 #84390]  INFO -- : 0:  ruport (1.6.3) from /Users/elhu/.rbenv/versions/jruby-1.7.9/lib/ruby/gems/shared/specifications/ruport-1.6.3.gemspec
I, [2014-01-06T10:25:17.736000 #84390]  INFO -- : 0:  shoulda-context (1.1.6) from /Users/elhu/.rbenv/versions/jruby-1.7.9/lib/ruby/gems/shared/specifications/shoulda-context-1.1.6.gemspec
I, [2014-01-06T10:25:17.749000 #84390]  INFO -- : 0:  shoulda-matchers (2.4.0) from /Users/elhu/.rbenv/versions/jruby-1.7.9/lib/ruby/gems/shared/specifications/shoulda-matchers-2.4.0.gemspec
I, [2014-01-06T10:25:17.791000 #84390]  INFO -- : 0:  shoulda (3.5.0) from /Users/elhu/.rbenv/versions/jruby-1.7.9/lib/ruby/gems/shared/specifications/shoulda-3.5.0.gemspec
I, [2014-01-06T10:25:17.830000 #84390]  INFO -- : 0:  simplecov-html (0.8.0) from /Users/elhu/.rbenv/versions/jruby-1.7.9/lib/ruby/gems/shared/specifications/simplecov-html-0.8.0.gemspec
I, [2014-01-06T10:25:17.858000 #84390]  INFO -- : 0:  simplecov (0.8.2) from /Users/elhu/.rbenv/versions/jruby-1.7.9/lib/ruby/gems/shared/specifications/simplecov-0.8.2.gemspec
I, [2014-01-06T10:25:17.900000 #84390]  INFO -- : 0:  test-unit (2.5.5) from /Users/elhu/.rbenv/versions/jruby-1.7.9/lib/ruby/gems/shared/specifications/test-unit-2.5.5.gemspec
